Build started 2020-12-02 오후 6:31:06.
     1>Project "D:\C breakers\2020기말대비 정답모음\SectionA\SectionA\SectionA.vcxproj" on node 2 (Build target(s)).
     1>ClCompile:
         D:\Program Files\VC\bin\CL.exe /c /ZI /nologo /W3 /WX- /Od /Oy- /D WIN32 /D _DEBUG /D _CONSOLE /D _LIB /D _UNICODE /D UNICODE /Gm /EHsc /RTC1 /MDd /GS /fp:precise /Zc:wchar_t /Zc:forScope /Fo"Debug\\" /Fd"Debug\vc120.pdb" /Gd /TC /analyze- /errorReport:prompt Source.c
         Source.c
     1>d:\c breakers\2020기말대비 정답모음\sectiona\sectiona\source.c(58): warning C4047: 'function' : 'char *' differs in levels of indirection from 'char *[27]'
     1>d:\c breakers\2020기말대비 정답모음\sectiona\sectiona\source.c(58): warning C4024: 'gets' : different types for formal and actual parameter 1
     1>d:\c breakers\2020기말대비 정답모음\sectiona\sectiona\source.c(58): warning C4996: 'gets': This function or variable may be unsafe. Consider using gets_s instead. To disable deprecation, use _CRT_SECURE_NO_WARNINGS. See online help for details.
                 d:\program files\vc\include\stdio.h(254) : see declaration of 'gets'
     1>d:\c breakers\2020기말대비 정답모음\sectiona\sectiona\source.c(59): warning C4047: 'function' : 'char *' differs in levels of indirection from 'char *[27]'
     1>d:\c breakers\2020기말대비 정답모음\sectiona\sectiona\source.c(59): warning C4024: 'strtok' : different types for formal and actual parameter 1
     1>d:\c breakers\2020기말대비 정답모음\sectiona\sectiona\source.c(59): warning C4996: 'strcpy': This function or variable may be unsafe. Consider using strcpy_s instead. To disable deprecation, use _CRT_SECURE_NO_WARNINGS. See online help for details.
                 d:\program files\vc\include\string.h(112) : see declaration of 'strcpy'
     1>d:\c breakers\2020기말대비 정답모음\sectiona\sectiona\source.c(59): warning C4996: 'strtok': This function or variable may be unsafe. Consider using strtok_s instead. To disable deprecation, use _CRT_SECURE_NO_WARNINGS. See online help for details.
                 d:\program files\vc\include\string.h(204) : see declaration of 'strtok'
     1>d:\c breakers\2020기말대비 정답모음\sectiona\sectiona\source.c(61): warning C4996: 'strtok': This function or variable may be unsafe. Consider using strtok_s instead. To disable deprecation, use _CRT_SECURE_NO_WARNINGS. See online help for details.
                 d:\program files\vc\include\string.h(204) : see declaration of 'strtok'
     1>d:\c breakers\2020기말대비 정답모음\sectiona\sectiona\source.c(110): warning C4996: 'strcpy': This function or variable may be unsafe. Consider using strcpy_s instead. To disable deprecation, use _CRT_SECURE_NO_WARNINGS. See online help for details.
                 d:\program files\vc\include\string.h(112) : see declaration of 'strcpy'
       Link:
         D:\Program Files\VC\bin\link.exe /ERRORREPORT:PROMPT /OUT:"D:\C breakers\2020기말대비 정답모음\SectionA\Debug\SectionA.exe" /INCREMENTAL /NOLOGO kernel32.lib user32.lib gdi32.lib winspool.lib comdlg32.lib advapi32.lib shell32.lib ole32.lib oleaut32.lib uuid.lib odbc32.lib odbccp32.lib /MANIFEST /MANIFESTUAC:"level='asInvoker' uiAccess='false'" /manifest:embed /DEBUG /PDB:"D:\C breakers\2020기말대비 정답모음\SectionA\Debug\SectionA.pdb" /SUBSYSTEM:CONSOLE /TLBID:1 /DYNAMICBASE /NXCOMPAT /IMPLIB:"D:\C breakers\2020기말대비 정답모음\SectionA\Debug\SectionA.lib" /MACHINE:X86 Debug\Source.obj
         SectionA.vcxproj -> D:\C breakers\2020기말대비 정답모음\SectionA\Debug\SectionA.exe
     1>Done Building Project "D:\C breakers\2020기말대비 정답모음\SectionA\SectionA\SectionA.vcxproj" (Build target(s)).

Build succeeded.

Time Elapsed 00:00:00.76
