Build started 2020-12-03 오후 6:22:12.
     1>Project "D:\C breakers\2020기말대비 정답모음\SectionC\SectionC\SectionC.vcxproj" on node 2 (Build target(s)).
     1>ClCompile:
         D:\Program Files\VC\bin\CL.exe /c /ZI /nologo /W3 /WX- /Od /Oy- /D WIN32 /D _DEBUG /D _CONSOLE /D _LIB /D _UNICODE /D UNICODE /Gm /EHsc /RTC1 /MDd /GS /fp:precise /Zc:wchar_t /Zc:forScope /Fo"Debug\\" /Fd"Debug\vc120.pdb" /Gd /TC /analyze- /errorReport:prompt Source.c
         Source.c
     1>d:\c breakers\2020기말대비 정답모음\sectionc\sectionc\source.c(65): warning C4996: 'strcpy': This function or variable may be unsafe. Consider using strcpy_s instead. To disable deprecation, use _CRT_SECURE_NO_WARNINGS. See online help for details.
                 d:\program files\vc\include\string.h(112) : see declaration of 'strcpy'
     1>d:\c breakers\2020기말대비 정답모음\sectionc\sectionc\source.c(80): warning C4996: 'strcpy': This function or variable may be unsafe. Consider using strcpy_s instead. To disable deprecation, use _CRT_SECURE_NO_WARNINGS. See online help for details.
                 d:\program files\vc\include\string.h(112) : see declaration of 'strcpy'
     1>d:\c breakers\2020기말대비 정답모음\sectionc\sectionc\source.c(89): warning C4996: 'strcpy': This function or variable may be unsafe. Consider using strcpy_s instead. To disable deprecation, use _CRT_SECURE_NO_WARNINGS. See online help for details.
                 d:\program files\vc\include\string.h(112) : see declaration of 'strcpy'
     1>d:\c breakers\2020기말대비 정답모음\sectionc\sectionc\source.c(92): warning C4996: 'strcpy': This function or variable may be unsafe. Consider using strcpy_s instead. To disable deprecation, use _CRT_SECURE_NO_WARNINGS. See online help for details.
                 d:\program files\vc\include\string.h(112) : see declaration of 'strcpy'
     1>d:\c breakers\2020기말대비 정답모음\sectionc\sectionc\source.c(134): warning C4996: 'strcpy': This function or variable may be unsafe. Consider using strcpy_s instead. To disable deprecation, use _CRT_SECURE_NO_WARNINGS. See online help for details.
                 d:\program files\vc\include\string.h(112) : see declaration of 'strcpy'
     1>d:\c breakers\2020기말대비 정답모음\sectionc\sectionc\source.c(136): warning C4996: 'strcpy': This function or variable may be unsafe. Consider using strcpy_s instead. To disable deprecation, use _CRT_SECURE_NO_WARNINGS. See online help for details.
                 d:\program files\vc\include\string.h(112) : see declaration of 'strcpy'
     1>d:\c breakers\2020기말대비 정답모음\sectionc\sectionc\source.c(157): warning C4996: 'strcpy': This function or variable may be unsafe. Consider using strcpy_s instead. To disable deprecation, use _CRT_SECURE_NO_WARNINGS. See online help for details.
                 d:\program files\vc\include\string.h(112) : see declaration of 'strcpy'
     1>d:\c breakers\2020기말대비 정답모음\sectionc\sectionc\source.c(158): warning C4996: 'strcpy': This function or variable may be unsafe. Consider using strcpy_s instead. To disable deprecation, use _CRT_SECURE_NO_WARNINGS. See online help for details.
                 d:\program files\vc\include\string.h(112) : see declaration of 'strcpy'
     1>d:\c breakers\2020기말대비 정답모음\sectionc\sectionc\source.c(166): warning C4996: 'strcpy': This function or variable may be unsafe. Consider using strcpy_s instead. To disable deprecation, use _CRT_SECURE_NO_WARNINGS. See online help for details.
                 d:\program files\vc\include\string.h(112) : see declaration of 'strcpy'
     1>d:\c breakers\2020기말대비 정답모음\sectionc\sectionc\source.c(167): warning C4996: 'strcpy': This function or variable may be unsafe. Consider using strcpy_s instead. To disable deprecation, use _CRT_SECURE_NO_WARNINGS. See online help for details.
                 d:\program files\vc\include\string.h(112) : see declaration of 'strcpy'
     1>d:\c breakers\2020기말대비 정답모음\sectionc\sectionc\source.c(173): warning C4996: 'strcpy': This function or variable may be unsafe. Consider using strcpy_s instead. To disable deprecation, use _CRT_SECURE_NO_WARNINGS. See online help for details.
                 d:\program files\vc\include\string.h(112) : see declaration of 'strcpy'
     1>d:\c breakers\2020기말대비 정답모음\sectionc\sectionc\source.c(174): warning C4996: 'strcpy': This function or variable may be unsafe. Consider using strcpy_s instead. To disable deprecation, use _CRT_SECURE_NO_WARNINGS. See online help for details.
                 d:\program files\vc\include\string.h(112) : see declaration of 'strcpy'
     1>d:\c breakers\2020기말대비 정답모음\sectionc\sectionc\source.c(186): warning C4996: 'strcpy': This function or variable may be unsafe. Consider using strcpy_s instead. To disable deprecation, use _CRT_SECURE_NO_WARNINGS. See online help for details.
                 d:\program files\vc\include\string.h(112) : see declaration of 'strcpy'
     1>d:\c breakers\2020기말대비 정답모음\sectionc\sectionc\source.c(187): warning C4996: 'strcpy': This function or variable may be unsafe. Consider using strcpy_s instead. To disable deprecation, use _CRT_SECURE_NO_WARNINGS. See online help for details.
                 d:\program files\vc\include\string.h(112) : see declaration of 'strcpy'
     1>d:\c breakers\2020기말대비 정답모음\sectionc\sectionc\source.c(195): warning C4133: '=' : incompatible types - from 'Student *' to 'student *'
     1>d:\c breakers\2020기말대비 정답모음\sectionc\sectionc\source.c(199): warning C4996: 'strcpy': This function or variable may be unsafe. Consider using strcpy_s instead. To disable deprecation, use _CRT_SECURE_NO_WARNINGS. See online help for details.
                 d:\program files\vc\include\string.h(112) : see declaration of 'strcpy'
     1>d:\c breakers\2020기말대비 정답모음\sectionc\sectionc\source.c(200): warning C4996: 'strcpy': This function or variable may be unsafe. Consider using strcpy_s instead. To disable deprecation, use _CRT_SECURE_NO_WARNINGS. See online help for details.
                 d:\program files\vc\include\string.h(112) : see declaration of 'strcpy'
     1>d:\c breakers\2020기말대비 정답모음\sectionc\sectionc\source.c(207): warning C4996: 'strcpy': This function or variable may be unsafe. Consider using strcpy_s instead. To disable deprecation, use _CRT_SECURE_NO_WARNINGS. See online help for details.
                 d:\program files\vc\include\string.h(112) : see declaration of 'strcpy'
     1>d:\c breakers\2020기말대비 정답모음\sectionc\sectionc\source.c(208): warning C4996: 'strcpy': This function or variable may be unsafe. Consider using strcpy_s instead. To disable deprecation, use _CRT_SECURE_NO_WARNINGS. See online help for details.
                 d:\program files\vc\include\string.h(112) : see declaration of 'strcpy'
       Link:
         D:\Program Files\VC\bin\link.exe /ERRORREPORT:PROMPT /OUT:"D:\C breakers\2020기말대비 정답모음\SectionC\Debug\SectionC.exe" /INCREMENTAL /NOLOGO kernel32.lib user32.lib gdi32.lib winspool.lib comdlg32.lib advapi32.lib shell32.lib ole32.lib oleaut32.lib uuid.lib odbc32.lib odbccp32.lib /MANIFEST /MANIFESTUAC:"level='asInvoker' uiAccess='false'" /manifest:embed /DEBUG /PDB:"D:\C breakers\2020기말대비 정답모음\SectionC\Debug\SectionC.pdb" /SUBSYSTEM:CONSOLE /TLBID:1 /DYNAMICBASE /NXCOMPAT /IMPLIB:"D:\C breakers\2020기말대비 정답모음\SectionC\Debug\SectionC.lib" /MACHINE:X86 Debug\Source.obj
         SectionC.vcxproj -> D:\C breakers\2020기말대비 정답모음\SectionC\Debug\SectionC.exe
     1>Done Building Project "D:\C breakers\2020기말대비 정답모음\SectionC\SectionC\SectionC.vcxproj" (Build target(s)).

Build succeeded.

Time Elapsed 00:00:04.59
